Analysis & Synthesis report for rv32i
Wed Aug 21 17:46:41 2019
Quartus II 32-bit Version 13.0.1 Build 232 06/12/2013 Service Pack 1 SJ Web Edition


---------------------
; Table of Contents ;
---------------------
  1. Legal Notice
  2. Analysis & Synthesis Summary
  3. Analysis & Synthesis Settings
  4. Parallel Compilation
  5. Analysis & Synthesis Source Files Read
  6. Analysis & Synthesis Resource Usage Summary
  7. Analysis & Synthesis Resource Utilization by Entity
  8. Analysis & Synthesis IP Cores Summary
  9. Registers Removed During Synthesis
 10. General Register Statistics
 11. Source assignments for progam_memory:program_memory1|altsyncram:altsyncram_component|altsyncram_ao71:auto_generated
 12. Parameter Settings for User Entity Instance: progam_memory:program_memory1|altsyncram:altsyncram_component
 13. altsyncram Parameter Settings by Entity Instance
 14. Port Connectivity Checks: "progam_memory:program_memory1"
 15. Elapsed Time Per Partition
 16. Analysis & Synthesis Messages



----------------
; Legal Notice ;
----------------
Copyright (C) 1991-2013 Altera Corporation
Your use of Altera Corporation's design tools, logic functions 
and other software and tools, and its AMPP partner logic 
functions, and any output files from any of the foregoing 
(including device programming or simulation files), and any 
associated documentation or information are expressly subject 
to the terms and conditions of the Altera Program License 
Subscription Agreement, Altera MegaCore Function License 
Agreement, or other applicable license agreement, including, 
without limitation, that your use is for the sole purpose of 
programming logic devices manufactured by Altera and sold by 
Altera or its authorized distributors.  Please refer to the 
applicable agreement for further details.



+--------------------------------------------------------------------------------------+
; Analysis & Synthesis Summary                                                         ;
+------------------------------------+-------------------------------------------------+
; Analysis & Synthesis Status        ; Successful - Wed Aug 21 17:46:41 2019           ;
; Quartus II 32-bit Version          ; 13.0.1 Build 232 06/12/2013 SP 1 SJ Web Edition ;
; Revision Name                      ; rv32i                                           ;
; Top-level Entity Name              ; datapath                                        ;
; Family                             ; Cyclone II                                      ;
; Total logic elements               ; 0                                               ;
;     Total combinational functions  ; 0                                               ;
;     Dedicated logic registers      ; 0                                               ;
; Total registers                    ; 0                                               ;
; Total pins                         ; 7                                               ;
; Total virtual pins                 ; 0                                               ;
; Total memory bits                  ; 0                                               ;
; Embedded Multiplier 9-bit elements ; 0                                               ;
; Total PLLs                         ; 0                                               ;
+------------------------------------+-------------------------------------------------+


+----------------------------------------------------------------------------------------------------------------------+
; Analysis & Synthesis Settings                                                                                        ;
+----------------------------------------------------------------------------+--------------------+--------------------+
; Option                                                                     ; Setting            ; Default Value      ;
+----------------------------------------------------------------------------+--------------------+--------------------+
; Device                                                                     ; EP2C35F672C6       ;                    ;
; Top-level entity name                                                      ; datapath           ; rv32i              ;
; Family name                                                                ; Cyclone II         ; Cyclone IV GX      ;
; Use smart compilation                                                      ; Off                ; Off                ;
; Enable parallel Assembler and TimeQuest Timing Analyzer during compilation ; On                 ; On                 ;
; Enable compact report table                                                ; Off                ; Off                ;
; Restructure Multiplexers                                                   ; Auto               ; Auto               ;
; Create Debugging Nodes for IP Cores                                        ; Off                ; Off                ;
; Preserve fewer node names                                                  ; On                 ; On                 ;
; Disable OpenCore Plus hardware evaluation                                  ; Off                ; Off                ;
; Verilog Version                                                            ; Verilog_2001       ; Verilog_2001       ;
; VHDL Version                                                               ; VHDL_1993          ; VHDL_1993          ;
; State Machine Processing                                                   ; Auto               ; Auto               ;
; Safe State Machine                                                         ; Off                ; Off                ;
; Extract Verilog State Machines                                             ; On                 ; On                 ;
; Extract VHDL State Machines                                                ; On                 ; On                 ;
; Ignore Verilog initial constructs                                          ; Off                ; Off                ;
; Iteration limit for constant Verilog loops                                 ; 5000               ; 5000               ;
; Iteration limit for non-constant Verilog loops                             ; 250                ; 250                ;
; Add Pass-Through Logic to Inferred RAMs                                    ; On                 ; On                 ;
; Infer RAMs from Raw Logic                                                  ; On                 ; On                 ;
; Parallel Synthesis                                                         ; On                 ; On                 ;
; DSP Block Balancing                                                        ; Auto               ; Auto               ;
; NOT Gate Push-Back                                                         ; On                 ; On                 ;
; Power-Up Don't Care                                                        ; On                 ; On                 ;
; Remove Redundant Logic Cells                                               ; Off                ; Off                ;
; Remove Duplicate Registers                                                 ; On                 ; On                 ;
; Ignore CARRY Buffers                                                       ; Off                ; Off                ;
; Ignore CASCADE Buffers                                                     ; Off                ; Off                ;
; Ignore GLOBAL Buffers                                                      ; Off                ; Off                ;
; Ignore ROW GLOBAL Buffers                                                  ; Off                ; Off                ;
; Ignore LCELL Buffers                                                       ; Off                ; Off                ;
; Ignore SOFT Buffers                                                        ; On                 ; On                 ;
; Limit AHDL Integers to 32 Bits                                             ; Off                ; Off                ;
; Optimization Technique                                                     ; Balanced           ; Balanced           ;
; Carry Chain Length                                                         ; 70                 ; 70                 ;
; Auto Carry Chains                                                          ; On                 ; On                 ;
; Auto Open-Drain Pins                                                       ; On                 ; On                 ;
; Perform WYSIWYG Primitive Resynthesis                                      ; Off                ; Off                ;
; Auto ROM Replacement                                                       ; On                 ; On                 ;
; Auto RAM Replacement                                                       ; On                 ; On                 ;
; Auto Shift Register Replacement                                            ; Auto               ; Auto               ;
; Allow Shift Register Merging across Hierarchies                            ; Auto               ; Auto               ;
; Auto Clock Enable Replacement                                              ; On                 ; On                 ;
; Strict RAM Replacement                                                     ; Off                ; Off                ;
; Allow Synchronous Control Signals                                          ; On                 ; On                 ;
; Force Use of Synchronous Clear Signals                                     ; Off                ; Off                ;
; Auto RAM to Logic Cell Conversion                                          ; Off                ; Off                ;
; Auto Resource Sharing                                                      ; Off                ; Off                ;
; Allow Any RAM Size For Recognition                                         ; Off                ; Off                ;
; Allow Any ROM Size For Recognition                                         ; Off                ; Off                ;
; Allow Any Shift Register Size For Recognition                              ; Off                ; Off                ;
; Use LogicLock Constraints during Resource Balancing                        ; On                 ; On                 ;
; Ignore translate_off and synthesis_off directives                          ; Off                ; Off                ;
; Timing-Driven Synthesis                                                    ; Off                ; Off                ;
; Report Parameter Settings                                                  ; On                 ; On                 ;
; Report Source Assignments                                                  ; On                 ; On                 ;
; Report Connectivity Checks                                                 ; On                 ; On                 ;
; Ignore Maximum Fan-Out Assignments                                         ; Off                ; Off                ;
; Synchronization Register Chain Length                                      ; 2                  ; 2                  ;
; PowerPlay Power Optimization                                               ; Normal compilation ; Normal compilation ;
; HDL message level                                                          ; Level2             ; Level2             ;
; Suppress Register Optimization Related Messages                            ; Off                ; Off                ;
; Number of Removed Registers Reported in Synthesis Report                   ; 5000               ; 5000               ;
; Number of Swept Nodes Reported in Synthesis Report                         ; 5000               ; 5000               ;
; Number of Inverted Registers Reported in Synthesis Report                  ; 100                ; 100                ;
; Clock MUX Protection                                                       ; On                 ; On                 ;
; Auto Gated Clock Conversion                                                ; Off                ; Off                ;
; Block Design Naming                                                        ; Auto               ; Auto               ;
; SDC constraint protection                                                  ; Off                ; Off                ;
; Synthesis Effort                                                           ; Auto               ; Auto               ;
; Shift Register Replacement - Allow Asynchronous Clear Signal               ; On                 ; On                 ;
; Pre-Mapping Resynthesis Optimization                                       ; Off                ; Off                ;
; Analysis & Synthesis Message Level                                         ; Medium             ; Medium             ;
; Disable Register Merging Across Hierarchies                                ; Auto               ; Auto               ;
; Resource Aware Inference For Block RAM                                     ; On                 ; On                 ;
; Synthesis Seed                                                             ; 1                  ; 1                  ;
+----------------------------------------------------------------------------+--------------------+--------------------+


Parallel compilation was disabled, but you have multiple processors available. Enable parallel compilation to reduce compilation time.
+-------------------------------------+
; Parallel Compilation                ;
+----------------------------+--------+
; Processors                 ; Number ;
+----------------------------+--------+
; Number detected on machine ; 4      ;
; Maximum allowed            ; 1      ;
+----------------------------+--------+


+--------------------------------------------------------------------------------------------------------------------------------------------------------------------------------+
; Analysis & Synthesis Source Files Read                                                                                                                                         ;
+----------------------------------+-----------------+---------------------------------------+-------------------------------------------------------------------------+---------+
; File Name with User-Entered Path ; Used in Netlist ; File Type                             ; File Name with Absolute Path                                            ; Library ;
+----------------------------------+-----------------+---------------------------------------+-------------------------------------------------------------------------+---------+
; pc.vhd                           ; yes             ; User VHDL File                        ; D:/Desktop/RISC-V-RV32I/quartus/pc.vhd                                  ;         ;
; alu.vhd                          ; yes             ; User VHDL File                        ; D:/Desktop/RISC-V-RV32I/quartus/alu.vhd                                 ;         ;
; datapath.vhd                     ; yes             ; User VHDL File                        ; D:/Desktop/RISC-V-RV32I/quartus/datapath.vhd                            ;         ;
; register_file.vhd                ; yes             ; User VHDL File                        ; D:/Desktop/RISC-V-RV32I/quartus/register_file.vhd                       ;         ;
; rv32i.hex                        ; yes             ; User Hexadecimal (Intel-Format) File  ; D:/Desktop/RISC-V-RV32I/quartus/rv32i.hex                               ;         ;
; progam_memory.vhd                ; yes             ; User Wizard-Generated File            ; D:/Desktop/RISC-V-RV32I/quartus/progam_memory.vhd                       ;         ;
; altsyncram.tdf                   ; yes             ; Megafunction                          ; c:/altera/13.0sp1/quartus/libraries/megafunctions/altsyncram.tdf        ;         ;
; stratix_ram_block.inc            ; yes             ; Megafunction                          ; c:/altera/13.0sp1/quartus/libraries/megafunctions/stratix_ram_block.inc ;         ;
; lpm_mux.inc                      ; yes             ; Megafunction                          ; c:/altera/13.0sp1/quartus/libraries/megafunctions/lpm_mux.inc           ;         ;
; lpm_decode.inc                   ; yes             ; Megafunction                          ; c:/altera/13.0sp1/quartus/libraries/megafunctions/lpm_decode.inc        ;         ;
; aglobal130.inc                   ; yes             ; Megafunction                          ; c:/altera/13.0sp1/quartus/libraries/megafunctions/aglobal130.inc        ;         ;
; a_rdenreg.inc                    ; yes             ; Megafunction                          ; c:/altera/13.0sp1/quartus/libraries/megafunctions/a_rdenreg.inc         ;         ;
; altrom.inc                       ; yes             ; Megafunction                          ; c:/altera/13.0sp1/quartus/libraries/megafunctions/altrom.inc            ;         ;
; altram.inc                       ; yes             ; Megafunction                          ; c:/altera/13.0sp1/quartus/libraries/megafunctions/altram.inc            ;         ;
; altdpram.inc                     ; yes             ; Megafunction                          ; c:/altera/13.0sp1/quartus/libraries/megafunctions/altdpram.inc          ;         ;
; db/altsyncram_ao71.tdf           ; yes             ; Auto-Generated Megafunction           ; D:/Desktop/RISC-V-RV32I/quartus/db/altsyncram_ao71.tdf                  ;         ;
+----------------------------------+-----------------+---------------------------------------+-------------------------------------------------------------------------+---------+


+-----------------------------------------------------+
; Analysis & Synthesis Resource Usage Summary         ;
+---------------------------------------------+-------+
; Resource                                    ; Usage ;
+---------------------------------------------+-------+
;                                             ;       ;
; Total combinational functions               ; 0     ;
; Logic element usage by number of LUT inputs ;       ;
;     -- 4 input functions                    ; 0     ;
;     -- 3 input functions                    ; 0     ;
;     -- <=2 input functions                  ; 0     ;
;                                             ;       ;
; Logic elements by mode                      ;       ;
;     -- normal mode                          ; 0     ;
;     -- arithmetic mode                      ; 0     ;
;                                             ;       ;
; Total registers                             ; 0     ;
;     -- Dedicated logic registers            ; 0     ;
;     -- I/O registers                        ; 0     ;
;                                             ;       ;
; I/O pins                                    ; 7     ;
; Embedded Multiplier 9-bit elements          ; 0     ;
+---------------------------------------------+-------+


+-----------------------------------------------------------------------------------------------------------------------------------------------------------------------------+
; Analysis & Synthesis Resource Utilization by Entity                                                                                                                         ;
+----------------------------+-------------------+--------------+-------------+--------------+---------+-----------+------+--------------+---------------------+--------------+
; Compilation Hierarchy Node ; LC Combinationals ; LC Registers ; Memory Bits ; DSP Elements ; DSP 9x9 ; DSP 18x18 ; Pins ; Virtual Pins ; Full Hierarchy Name ; Library Name ;
+----------------------------+-------------------+--------------+-------------+--------------+---------+-----------+------+--------------+---------------------+--------------+
; |datapath                  ; 0 (0)             ; 0 (0)        ; 0           ; 0            ; 0       ; 0         ; 7    ; 0            ; |datapath           ; work         ;
+----------------------------+-------------------+--------------+-------------+--------------+---------+-----------+------+--------------+---------------------+--------------+
Note: For table entries with two numbers listed, the numbers in parentheses indicate the number of resources of the given type used by the specific entity alone. The numbers listed outside of parentheses indicate the total resources of the given type used by the specific entity and all of its sub-entities in the hierarchy.


+-------------------------------------------------------------------------------------------------------------------------------------------------------------+
; Analysis & Synthesis IP Cores Summary                                                                                                                       ;
+--------+--------------+---------+--------------+--------------+-----------------------------------------+---------------------------------------------------+
; Vendor ; IP Core Name ; Version ; Release Date ; License Type ; Entity Instance                         ; IP Include File                                   ;
+--------+--------------+---------+--------------+--------------+-----------------------------------------+---------------------------------------------------+
; Altera ; ROM: 1-PORT  ; 13.0    ; N/A          ; N/A          ; |datapath|progam_memory:program_memory1 ; D:/Desktop/RISC-V-RV32I/quartus/progam_memory.vhd ;
+--------+--------------+---------+--------------+--------------+-----------------------------------------+---------------------------------------------------+


+-------------------------------------------------------------+
; Registers Removed During Synthesis                          ;
+----------------------------------------+--------------------+
; Register name                          ; Reason for Removal ;
+----------------------------------------+--------------------+
; pc:pc1|temp[0..9]                      ; Lost fanout        ;
; Total Number of Removed Registers = 10 ;                    ;
+----------------------------------------+--------------------+


+------------------------------------------------------+
; General Register Statistics                          ;
+----------------------------------------------+-------+
; Statistic                                    ; Value ;
+----------------------------------------------+-------+
; Total registers                              ; 0     ;
; Number of registers using Synchronous Clear  ; 0     ;
; Number of registers using Synchronous Load   ; 0     ;
; Number of registers using Asynchronous Clear ; 0     ;
; Number of registers using Asynchronous Load  ; 0     ;
; Number of registers using Clock Enable       ; 0     ;
; Number of registers using Preset             ; 0     ;
+----------------------------------------------+-------+


+---------------------------------------------------------------------------------------------------------------------+
; Source assignments for progam_memory:program_memory1|altsyncram:altsyncram_component|altsyncram_ao71:auto_generated ;
+---------------------------------+--------------------+------+-------------------------------------------------------+
; Assignment                      ; Value              ; From ; To                                                    ;
+---------------------------------+--------------------+------+-------------------------------------------------------+
; OPTIMIZE_POWER_DURING_SYNTHESIS ; NORMAL_COMPILATION ; -    ; -                                                     ;
+---------------------------------+--------------------+------+-------------------------------------------------------+


+------------------------------------------------------------------------------------------------------------+
; Parameter Settings for User Entity Instance: progam_memory:program_memory1|altsyncram:altsyncram_component ;
+------------------------------------+----------------------+------------------------------------------------+
; Parameter Name                     ; Value                ; Type                                           ;
+------------------------------------+----------------------+------------------------------------------------+
; BYTE_SIZE_BLOCK                    ; 8                    ; Untyped                                        ;
; AUTO_CARRY_CHAINS                  ; ON                   ; AUTO_CARRY                                     ;
; IGNORE_CARRY_BUFFERS               ; OFF                  ; IGNORE_CARRY                                   ;
; AUTO_CASCADE_CHAINS                ; ON                   ; AUTO_CASCADE                                   ;
; IGNORE_CASCADE_BUFFERS             ; OFF                  ; IGNORE_CASCADE                                 ;
; WIDTH_BYTEENA                      ; 1                    ; Untyped                                        ;
; OPERATION_MODE                     ; ROM                  ; Untyped                                        ;
; WIDTH_A                            ; 32                   ; Signed Integer                                 ;
; WIDTHAD_A                          ; 10                   ; Signed Integer                                 ;
; NUMWORDS_A                         ; 1024                 ; Signed Integer                                 ;
; OUTDATA_REG_A                      ; UNREGISTERED         ; Untyped                                        ;
; ADDRESS_ACLR_A                     ; NONE                 ; Untyped                                        ;
; OUTDATA_ACLR_A                     ; NONE                 ; Untyped                                        ;
; WRCONTROL_ACLR_A                   ; NONE                 ; Untyped                                        ;
; INDATA_ACLR_A                      ; NONE                 ; Untyped                                        ;
; BYTEENA_ACLR_A                     ; NONE                 ; Untyped                                        ;
; WIDTH_B                            ; 1                    ; Untyped                                        ;
; WIDTHAD_B                          ; 1                    ; Untyped                                        ;
; NUMWORDS_B                         ; 1                    ; Untyped                                        ;
; INDATA_REG_B                       ; CLOCK1               ; Untyped                                        ;
; WRCONTROL_WRADDRESS_REG_B          ; CLOCK1               ; Untyped                                        ;
; RDCONTROL_REG_B                    ; CLOCK1               ; Untyped                                        ;
; ADDRESS_REG_B                      ; CLOCK1               ; Untyped                                        ;
; OUTDATA_REG_B                      ; UNREGISTERED         ; Untyped                                        ;
; BYTEENA_REG_B                      ; CLOCK1               ; Untyped                                        ;
; INDATA_ACLR_B                      ; NONE                 ; Untyped                                        ;
; WRCONTROL_ACLR_B                   ; NONE                 ; Untyped                                        ;
; ADDRESS_ACLR_B                     ; NONE                 ; Untyped                                        ;
; OUTDATA_ACLR_B                     ; NONE                 ; Untyped                                        ;
; RDCONTROL_ACLR_B                   ; NONE                 ; Untyped                                        ;
; BYTEENA_ACLR_B                     ; NONE                 ; Untyped                                        ;
; WIDTH_BYTEENA_A                    ; 1                    ; Signed Integer                                 ;
; WIDTH_BYTEENA_B                    ; 1                    ; Untyped                                        ;
; RAM_BLOCK_TYPE                     ; AUTO                 ; Untyped                                        ;
; BYTE_SIZE                          ; 8                    ; Untyped                                        ;
; READ_DURING_WRITE_MODE_MIXED_PORTS ; DONT_CARE            ; Untyped                                        ;
; READ_DURING_WRITE_MODE_PORT_A      ; NEW_DATA_NO_NBE_READ ; Untyped                                        ;
; READ_DURING_WRITE_MODE_PORT_B      ; NEW_DATA_NO_NBE_READ ; Untyped                                        ;
; INIT_FILE                          ; rv32i.hex            ; Untyped                                        ;
; INIT_FILE_LAYOUT                   ; PORT_A               ; Untyped                                        ;
; MAXIMUM_DEPTH                      ; 0                    ; Untyped                                        ;
; CLOCK_ENABLE_INPUT_A               ; BYPASS               ; Untyped                                        ;
; CLOCK_ENABLE_INPUT_B               ; NORMAL               ; Untyped                                        ;
; CLOCK_ENABLE_OUTPUT_A              ; BYPASS               ; Untyped                                        ;
; CLOCK_ENABLE_OUTPUT_B              ; NORMAL               ; Untyped                                        ;
; CLOCK_ENABLE_CORE_A                ; USE_INPUT_CLKEN      ; Untyped                                        ;
; CLOCK_ENABLE_CORE_B                ; USE_INPUT_CLKEN      ; Untyped                                        ;
; ENABLE_ECC                         ; FALSE                ; Untyped                                        ;
; ECC_PIPELINE_STAGE_ENABLED         ; FALSE                ; Untyped                                        ;
; WIDTH_ECCSTATUS                    ; 3                    ; Untyped                                        ;
; DEVICE_FAMILY                      ; Cyclone II           ; Untyped                                        ;
; CBXI_PARAMETER                     ; altsyncram_ao71      ; Untyped                                        ;
+------------------------------------+----------------------+------------------------------------------------+
Note: In order to hide this table in the UI and the text report file, please set the "Show Parameter Settings in Synthesis Report" option in "Analysis and Synthesis Settings -> More Settings" to "Off".


+-----------------------------------------------------------------------------------------------------------+
; altsyncram Parameter Settings by Entity Instance                                                          ;
+-------------------------------------------+---------------------------------------------------------------+
; Name                                      ; Value                                                         ;
+-------------------------------------------+---------------------------------------------------------------+
; Number of entity instances                ; 1                                                             ;
; Entity Instance                           ; progam_memory:program_memory1|altsyncram:altsyncram_component ;
;     -- OPERATION_MODE                     ; ROM                                                           ;
;     -- WIDTH_A                            ; 32                                                            ;
;     -- NUMWORDS_A                         ; 1024                                                          ;
;     -- OUTDATA_REG_A                      ; UNREGISTERED                                                  ;
;     -- WIDTH_B                            ; 1                                                             ;
;     -- NUMWORDS_B                         ; 1                                                             ;
;     -- ADDRESS_REG_B                      ; CLOCK1                                                        ;
;     -- OUTDATA_REG_B                      ; UNREGISTERED                                                  ;
;     -- RAM_BLOCK_TYPE                     ; AUTO                                                          ;
;     -- READ_DURING_WRITE_MODE_MIXED_PORTS ; DONT_CARE                                                     ;
+-------------------------------------------+---------------------------------------------------------------+


+---------------------------------------------------------------------------------------------------------------------+
; Port Connectivity Checks: "progam_memory:program_memory1"                                                           ;
+-----------+--------+----------+-------------------------------------------------------------------------------------+
; Port      ; Type   ; Severity ; Details                                                                             ;
+-----------+--------+----------+-------------------------------------------------------------------------------------+
; q[29..25] ; Output ; Info     ; Connected to dangling logic. Logic that only feeds a dangling port will be removed. ;
; q[6..0]   ; Output ; Info     ; Connected to dangling logic. Logic that only feeds a dangling port will be removed. ;
; q[31]     ; Output ; Info     ; Connected to dangling logic. Logic that only feeds a dangling port will be removed. ;
+-----------+--------+----------+-------------------------------------------------------------------------------------+


+-------------------------------+
; Elapsed Time Per Partition    ;
+----------------+--------------+
; Partition Name ; Elapsed Time ;
+----------------+--------------+
; Top            ; 00:00:00     ;
+----------------+--------------+


+-------------------------------+
; Analysis & Synthesis Messages ;
+-------------------------------+
Info: *******************************************************************
Info: Running Quartus II 32-bit Analysis & Synthesis
    Info: Version 13.0.1 Build 232 06/12/2013 Service Pack 1 SJ Web Edition
    Info: Processing started: Wed Aug 21 17:46:38 2019
Info: Command: quartus_map --read_settings_files=on --write_settings_files=off rv32i -c rv32i
Warning (20028): Parallel compilation is not licensed and has been disabled
Info (12021): Found 2 design units, including 1 entities, in source file pc.vhd
    Info (12022): Found design unit 1: pc-comportamento
    Info (12023): Found entity 1: pc
Warning (12090): Entity "mux" obtained from "mux.vhd" instead of from Quartus II megafunction library
Info (12021): Found 2 design units, including 1 entities, in source file mux.vhd
    Info (12022): Found design unit 1: mux-comportamento
    Info (12023): Found entity 1: mux
Info (12021): Found 2 design units, including 1 entities, in source file alu.vhd
    Info (12022): Found design unit 1: alu-comportamento
    Info (12023): Found entity 1: alu
Info (12021): Found 2 design units, including 1 entities, in source file rv32i.vhd
    Info (12022): Found design unit 1: rv32i-comportamento
    Info (12023): Found entity 1: rv32i
Info (12021): Found 2 design units, including 1 entities, in source file datapath.vhd
    Info (12022): Found design unit 1: datapath-comportamento
    Info (12023): Found entity 1: datapath
Info (12021): Found 2 design units, including 1 entities, in source file register_file.vhd
    Info (12022): Found design unit 1: register_file-comportamento
    Info (12023): Found entity 1: register_file
Info (12021): Found 2 design units, including 1 entities, in source file progam_memory.vhd
    Info (12022): Found design unit 1: progam_memory-SYN
    Info (12023): Found entity 1: progam_memory
Info (12127): Elaborating entity "datapath" for the top level hierarchy
Info (12128): Elaborating entity "register_file" for hierarchy "register_file:register_file1"
Info (12128): Elaborating entity "alu" for hierarchy "alu:alu1"
Info (10041): Inferred latch for "out_alu[0]" at alu.vhd(19)
Info (10041): Inferred latch for "out_alu[1]" at alu.vhd(19)
Info (10041): Inferred latch for "out_alu[2]" at alu.vhd(19)
Info (10041): Inferred latch for "out_alu[3]" at alu.vhd(19)
Info (10041): Inferred latch for "out_alu[4]" at alu.vhd(19)
Info (10041): Inferred latch for "out_alu[5]" at alu.vhd(19)
Info (10041): Inferred latch for "out_alu[6]" at alu.vhd(19)
Info (10041): Inferred latch for "out_alu[7]" at alu.vhd(19)
Info (10041): Inferred latch for "out_alu[8]" at alu.vhd(19)
Info (10041): Inferred latch for "out_alu[9]" at alu.vhd(19)
Info (10041): Inferred latch for "out_alu[10]" at alu.vhd(19)
Info (10041): Inferred latch for "out_alu[11]" at alu.vhd(19)
Info (10041): Inferred latch for "out_alu[12]" at alu.vhd(19)
Info (10041): Inferred latch for "out_alu[13]" at alu.vhd(19)
Info (10041): Inferred latch for "out_alu[14]" at alu.vhd(19)
Info (10041): Inferred latch for "out_alu[15]" at alu.vhd(19)
Info (10041): Inferred latch for "out_alu[16]" at alu.vhd(19)
Info (10041): Inferred latch for "out_alu[17]" at alu.vhd(19)
Info (10041): Inferred latch for "out_alu[18]" at alu.vhd(19)
Info (10041): Inferred latch for "out_alu[19]" at alu.vhd(19)
Info (10041): Inferred latch for "out_alu[20]" at alu.vhd(19)
Info (10041): Inferred latch for "out_alu[21]" at alu.vhd(19)
Info (10041): Inferred latch for "out_alu[22]" at alu.vhd(19)
Info (10041): Inferred latch for "out_alu[23]" at alu.vhd(19)
Info (10041): Inferred latch for "out_alu[24]" at alu.vhd(19)
Info (10041): Inferred latch for "out_alu[25]" at alu.vhd(19)
Info (10041): Inferred latch for "out_alu[26]" at alu.vhd(19)
Info (10041): Inferred latch for "out_alu[27]" at alu.vhd(19)
Info (10041): Inferred latch for "out_alu[28]" at alu.vhd(19)
Info (10041): Inferred latch for "out_alu[29]" at alu.vhd(19)
Info (10041): Inferred latch for "out_alu[30]" at alu.vhd(19)
Info (10041): Inferred latch for "out_alu[31]" at alu.vhd(19)
Info (12128): Elaborating entity "progam_memory" for hierarchy "progam_memory:program_memory1"
Info (12128): Elaborating entity "altsyncram" for hierarchy "progam_memory:program_memory1|altsyncram:altsyncram_component"
Info (12130): Elaborated megafunction instantiation "progam_memory:program_memory1|altsyncram:altsyncram_component"
Info (12133): Instantiated megafunction "progam_memory:program_memory1|altsyncram:altsyncram_component" with the following parameter:
    Info (12134): Parameter "clock_enable_input_a" = "BYPASS"
    Info (12134): Parameter "clock_enable_output_a" = "BYPASS"
    Info (12134): Parameter "init_file" = "rv32i.hex"
    Info (12134): Parameter "intended_device_family" = "Cyclone II"
    Info (12134): Parameter "lpm_hint" = "ENABLE_RUNTIME_MOD=NO"
    Info (12134): Parameter "lpm_type" = "altsyncram"
    Info (12134): Parameter "numwords_a" = "1024"
    Info (12134): Parameter "operation_mode" = "ROM"
    Info (12134): Parameter "outdata_aclr_a" = "NONE"
    Info (12134): Parameter "outdata_reg_a" = "UNREGISTERED"
    Info (12134): Parameter "widthad_a" = "10"
    Info (12134): Parameter "width_a" = "32"
    Info (12134): Parameter "width_byteena_a" = "1"
Info (12021): Found 1 design units, including 1 entities, in source file db/altsyncram_ao71.tdf
    Info (12023): Found entity 1: altsyncram_ao71
Info (12128): Elaborating entity "altsyncram_ao71" for hierarchy "progam_memory:program_memory1|altsyncram:altsyncram_component|altsyncram_ao71:auto_generated"
Info (12128): Elaborating entity "pc" for hierarchy "pc:pc1"
Warning (14284): Synthesized away the following node(s):
    Warning (14285): Synthesized away the following RAM node(s):
        Warning (14320): Synthesized away node "progam_memory:program_memory1|altsyncram:altsyncram_component|altsyncram_ao71:auto_generated|q_a[0]"
        Warning (14320): Synthesized away node "progam_memory:program_memory1|altsyncram:altsyncram_component|altsyncram_ao71:auto_generated|q_a[1]"
        Warning (14320): Synthesized away node "progam_memory:program_memory1|altsyncram:altsyncram_component|altsyncram_ao71:auto_generated|q_a[2]"
        Warning (14320): Synthesized away node "progam_memory:program_memory1|altsyncram:altsyncram_component|altsyncram_ao71:auto_generated|q_a[3]"
        Warning (14320): Synthesized away node "progam_memory:program_memory1|altsyncram:altsyncram_component|altsyncram_ao71:auto_generated|q_a[4]"
        Warning (14320): Synthesized away node "progam_memory:program_memory1|altsyncram:altsyncram_component|altsyncram_ao71:auto_generated|q_a[5]"
        Warning (14320): Synthesized away node "progam_memory:program_memory1|altsyncram:altsyncram_component|altsyncram_ao71:auto_generated|q_a[6]"
        Warning (14320): Synthesized away node "progam_memory:program_memory1|altsyncram:altsyncram_component|altsyncram_ao71:auto_generated|q_a[7]"
        Warning (14320): Synthesized away node "progam_memory:program_memory1|altsyncram:altsyncram_component|altsyncram_ao71:auto_generated|q_a[8]"
        Warning (14320): Synthesized away node "progam_memory:program_memory1|altsyncram:altsyncram_component|altsyncram_ao71:auto_generated|q_a[9]"
        Warning (14320): Synthesized away node "progam_memory:program_memory1|altsyncram:altsyncram_component|altsyncram_ao71:auto_generated|q_a[10]"
        Warning (14320): Synthesized away node "progam_memory:program_memory1|altsyncram:altsyncram_component|altsyncram_ao71:auto_generated|q_a[11]"
        Warning (14320): Synthesized away node "progam_memory:program_memory1|altsyncram:altsyncram_component|altsyncram_ao71:auto_generated|q_a[12]"
        Warning (14320): Synthesized away node "progam_memory:program_memory1|altsyncram:altsyncram_component|altsyncram_ao71:auto_generated|q_a[13]"
        Warning (14320): Synthesized away node "progam_memory:program_memory1|altsyncram:altsyncram_component|altsyncram_ao71:auto_generated|q_a[14]"
        Warning (14320): Synthesized away node "progam_memory:program_memory1|altsyncram:altsyncram_component|altsyncram_ao71:auto_generated|q_a[15]"
        Warning (14320): Synthesized away node "progam_memory:program_memory1|altsyncram:altsyncram_component|altsyncram_ao71:auto_generated|q_a[16]"
        Warning (14320): Synthesized away node "progam_memory:program_memory1|altsyncram:altsyncram_component|altsyncram_ao71:auto_generated|q_a[17]"
        Warning (14320): Synthesized away node "progam_memory:program_memory1|altsyncram:altsyncram_component|altsyncram_ao71:auto_generated|q_a[18]"
        Warning (14320): Synthesized away node "progam_memory:program_memory1|altsyncram:altsyncram_component|altsyncram_ao71:auto_generated|q_a[19]"
        Warning (14320): Synthesized away node "progam_memory:program_memory1|altsyncram:altsyncram_component|altsyncram_ao71:auto_generated|q_a[20]"
        Warning (14320): Synthesized away node "progam_memory:program_memory1|altsyncram:altsyncram_component|altsyncram_ao71:auto_generated|q_a[21]"
        Warning (14320): Synthesized away node "progam_memory:program_memory1|altsyncram:altsyncram_component|altsyncram_ao71:auto_generated|q_a[22]"
        Warning (14320): Synthesized away node "progam_memory:program_memory1|altsyncram:altsyncram_component|altsyncram_ao71:auto_generated|q_a[23]"
        Warning (14320): Synthesized away node "progam_memory:program_memory1|altsyncram:altsyncram_component|altsyncram_ao71:auto_generated|q_a[24]"
        Warning (14320): Synthesized away node "progam_memory:program_memory1|altsyncram:altsyncram_component|altsyncram_ao71:auto_generated|q_a[25]"
        Warning (14320): Synthesized away node "progam_memory:program_memory1|altsyncram:altsyncram_component|altsyncram_ao71:auto_generated|q_a[26]"
        Warning (14320): Synthesized away node "progam_memory:program_memory1|altsyncram:altsyncram_component|altsyncram_ao71:auto_generated|q_a[27]"
        Warning (14320): Synthesized away node "progam_memory:program_memory1|altsyncram:altsyncram_component|altsyncram_ao71:auto_generated|q_a[28]"
        Warning (14320): Synthesized away node "progam_memory:program_memory1|altsyncram:altsyncram_component|altsyncram_ao71:auto_generated|q_a[29]"
        Warning (14320): Synthesized away node "progam_memory:program_memory1|altsyncram:altsyncram_component|altsyncram_ao71:auto_generated|q_a[30]"
        Warning (14320): Synthesized away node "progam_memory:program_memory1|altsyncram:altsyncram_component|altsyncram_ao71:auto_generated|q_a[31]"
Info (17049): 10 registers lost all their fanouts during netlist optimizations.
Info (16010): Generating hard_block partition "hard_block:auto_generated_inst"
    Info (16011): Adding 0 node(s), including 0 DDIO, 0 PLL, 0 transceiver and 0 LCELL
Warning (21074): Design contains 7 input pin(s) that do not drive logic
    Warning (15610): No output dependent on input pin "clock"
    Warning (15610): No output dependent on input pin "reset"
    Warning (15610): No output dependent on input pin "w_rd"
    Warning (15610): No output dependent on input pin "r_rs1"
    Warning (15610): No output dependent on input pin "r_rs2"
    Warning (15610): No output dependent on input pin "enable_pc"
    Warning (15610): No output dependent on input pin "load_pc"
Info (21057): Implemented 7 device resources after synthesis - the final resource count might be different
    Info (21058): Implemented 7 input pins
    Info (21059): Implemented 0 output pins
Info: Quartus II 32-bit Analysis & Synthesis was successful. 0 errors, 45 warnings
    Info: Peak virtual memory: 392 megabytes
    Info: Processing ended: Wed Aug 21 17:46:41 2019
    Info: Elapsed time: 00:00:03
    Info: Total CPU time (on all processors): 00:00:02


